<?xml version='1.0' encoding='UTF-8'?>
<testsuite hostname="shehrozbaloch-thinkpad-x250" name="core.topcoretest" tests="1" errors="0" failures="1" skipped="0" time="3.055" timestamp="2024-09-26T21:50:29">
                     <properties>
[...]
</properties>
                     <testcase classname="core.topcoretest" name="Chisel Tester File topcoretest" time="3.055">
                                                 <failure message="
firrtl.passes.CheckInitialization$RefNotInitializedException:  @[fetch.scala 30:23] : [module fetch]  Reference pcmod is not fully initialized.
   : pcmod.io.jump &lt;= mux(_T_4, UInt&lt;1&gt;(&quot;h1&quot;), VOID)
firrtl.passes.CheckInitialization$RefNotInitializedException:  @[execute.scala 37:24] : [module execute]  Reference alumod is not fully initialized.
   : alumod.io.A &lt;= mux(_T_1, VOID, io.regfrdata2_execute)
firrtl.passes.CheckInitialization$RefNotInitializedException:  : [module execute]  Reference io is not fully initialized.
   : io.pc_imm_execute_to_decode_out &lt;= VOID
firrtl.passes.CheckInitialization$RefNotInitializedException:  : [module mem]  Reference io is not fully initialized.
   : io.pc_imm_mem_to_execute_out &lt;= VOID
firrtl.passes.CheckInitialization$RefNotInitializedException:  @[topcore.scala 15:28] : [module topcore]  Reference fetch_module is not fully initialized.
   : fetch_module.io.pc_fetch_imm &lt;= VOID
firrtl.passes.CheckInitialization$RefNotInitializedException:  @[topcore.scala 16:29] : [module topcore]  Reference decode_module is not fully initialized.
   : decode_module.io.decode_regf_wen &lt;= VOID
firrtl.passes.CheckInitialization$RefNotInitializedException:  @[topcore.scala 18:26] : [module topcore]  Reference mem_module is not fully initialized.
   : mem_module.io.wr_enable_mem &lt;= VOID
firrtl.passes.CheckInitialization$RefNotInitializedException:  @[topcore.scala 18:26] : [module topcore]  Reference mem_module is not fully initialized.
   : mem_module.io.pc_imm_execute_to_mem &lt;= VOID
firrtl.passes.CheckInitialization$RefNotInitializedException:  @[topcore.scala 16:29] : [module topcore]  Reference decode_module is not fully initialized.
   : decode_module.io.decode_regf_waddr &lt;= VOID
firrtl.passes.CheckInitialization$RefNotInitializedException:  @[topcore.scala 18:26] : [module topcore]  Reference mem_module is not fully initialized.
   : mem_module.io.rd_enable_mem &lt;= VOID
firrtl.passes.CheckInitialization$RefNotInitializedException:  @[topcore.scala 17:30] : [module topcore]  Reference execute_module is not fully initialized.
   : execute_module.io.pc_decode_to_execute_imm &lt;= VOID
firrtl.passes.CheckInitialization$RefNotInitializedException:  @[topcore.scala 17:30] : [module topcore]  Reference execute_module is not fully initialized.
   : execute_module.io.regfrdata2_execute &lt;= VOID
firrtl.passes.CheckInitialization$RefNotInitializedException:  @[topcore.scala 16:29] : [module topcore]  Reference decode_module is not fully initialized.
   : decode_module.io.decode_regf_raddr2 &lt;= VOID
firrtl.passes.CheckInitialization$RefNotInitializedException:  @[topcore.scala 15:28] : [module topcore]  Reference fetch_module is not fully initialized.
   : fetch_module.io.Imem_fetch_address &lt;= VOID
firrtl.passes.CheckInitialization$RefNotInitializedException:  @[topcore.scala 19:25] : [module topcore]  Reference wb_module is not fully initialized.
   : wb_module.io.ins &lt;= VOID
firrtl.passes.CheckInitialization$RefNotInitializedException:  @[topcore.scala 18:26] : [module topcore]  Reference mem_module is not fully initialized.
   : mem_module.io.addr_mem &lt;= VOID
firrtl.passes.CheckInitialization$RefNotInitializedException:  @[topcore.scala 16:29] : [module topcore]  Reference decode_module is not fully initialized.
   : decode_module.io.decode_regf_raddr1 &lt;= VOID
firrtl.passes.CheckInitialization$RefNotInitializedException:  @[topcore.scala 16:29] : [module topcore]  Reference decode_module is not fully initialized.
   : decode_module.io.pc_imm_execute_to_decode &lt;= VOID
firrtl.passes.CheckInitialization$RefNotInitializedException:  @[topcore.scala 15:28] : [module topcore]  Reference fetch_module is not fully initialized.
   : fetch_module.io.pc_fetch_jump &lt;= VOID
firrtl.passes.CheckInitialization$RefNotInitializedException:  @[topcore.scala 15:28] : [module topcore]  Reference fetch_module is not fully initialized.
   : fetch_module.io.Imem_fetch_enable &lt;= VOID
firrtl.passes.CheckInitialization$RefNotInitializedException:  @[topcore.scala 16:29] : [module topcore]  Reference decode_module is not fully initialized.
   : decode_module.io.decode_immgenr_instruction &lt;= VOID
firrtl.passes.CheckInitialization$RefNotInitializedException:  @[topcore.scala 17:30] : [module topcore]  Reference execute_module is not fully initialized.
   : execute_module.io.pc_decode_to_execute &lt;= VOID
firrtl.passes.PassException: 22 errors detected!" type="firrtl.passes.PassExceptions">firrtl.passes.PassExceptions: 
firrtl.passes.CheckInitialization$RefNotInitializedException:  @[fetch.scala 30:23] : [module fetch]  Reference pcmod is not fully initialized.
   : pcmod.io.jump &lt;= mux(_T_4, UInt&lt;1&gt;(&quot;h1&quot;), VOID)
firrtl.passes.CheckInitialization$RefNotInitializedException:  @[execute.scala 37:24] : [module execute]  Reference alumod is not fully initialized.
   : alumod.io.A &lt;= mux(_T_1, VOID, io.regfrdata2_execute)
firrtl.passes.CheckInitialization$RefNotInitializedException:  : [module execute]  Reference io is not fully initialized.
   : io.pc_imm_execute_to_decode_out &lt;= VOID
firrtl.passes.CheckInitialization$RefNotInitializedException:  : [module mem]  Reference io is not fully initialized.
   : io.pc_imm_mem_to_execute_out &lt;= VOID
firrtl.passes.CheckInitialization$RefNotInitializedException:  @[topcore.scala 15:28] : [module topcore]  Reference fetch_module is not fully initialized.
   : fetch_module.io.pc_fetch_imm &lt;= VOID
firrtl.passes.CheckInitialization$RefNotInitializedException:  @[topcore.scala 16:29] : [module topcore]  Reference decode_module is not fully initialized.
   : decode_module.io.decode_regf_wen &lt;= VOID
firrtl.passes.CheckInitialization$RefNotInitializedException:  @[topcore.scala 18:26] : [module topcore]  Reference mem_module is not fully initialized.
   : mem_module.io.wr_enable_mem &lt;= VOID
firrtl.passes.CheckInitialization$RefNotInitializedException:  @[topcore.scala 18:26] : [module topcore]  Reference mem_module is not fully initialized.
   : mem_module.io.pc_imm_execute_to_mem &lt;= VOID
firrtl.passes.CheckInitialization$RefNotInitializedException:  @[topcore.scala 16:29] : [module topcore]  Reference decode_module is not fully initialized.
   : decode_module.io.decode_regf_waddr &lt;= VOID
firrtl.passes.CheckInitialization$RefNotInitializedException:  @[topcore.scala 18:26] : [module topcore]  Reference mem_module is not fully initialized.
   : mem_module.io.rd_enable_mem &lt;= VOID
firrtl.passes.CheckInitialization$RefNotInitializedException:  @[topcore.scala 17:30] : [module topcore]  Reference execute_module is not fully initialized.
   : execute_module.io.pc_decode_to_execute_imm &lt;= VOID
firrtl.passes.CheckInitialization$RefNotInitializedException:  @[topcore.scala 17:30] : [module topcore]  Reference execute_module is not fully initialized.
   : execute_module.io.regfrdata2_execute &lt;= VOID
firrtl.passes.CheckInitialization$RefNotInitializedException:  @[topcore.scala 16:29] : [module topcore]  Reference decode_module is not fully initialized.
   : decode_module.io.decode_regf_raddr2 &lt;= VOID
firrtl.passes.CheckInitialization$RefNotInitializedException:  @[topcore.scala 15:28] : [module topcore]  Reference fetch_module is not fully initialized.
   : fetch_module.io.Imem_fetch_address &lt;= VOID
firrtl.passes.CheckInitialization$RefNotInitializedException:  @[topcore.scala 19:25] : [module topcore]  Reference wb_module is not fully initialized.
   : wb_module.io.ins &lt;= VOID
firrtl.passes.CheckInitialization$RefNotInitializedException:  @[topcore.scala 18:26] : [module topcore]  Reference mem_module is not fully initialized.
   : mem_module.io.addr_mem &lt;= VOID
firrtl.passes.CheckInitialization$RefNotInitializedException:  @[topcore.scala 16:29] : [module topcore]  Reference decode_module is not fully initialized.
   : decode_module.io.decode_regf_raddr1 &lt;= VOID
firrtl.passes.CheckInitialization$RefNotInitializedException:  @[topcore.scala 16:29] : [module topcore]  Reference decode_module is not fully initialized.
   : decode_module.io.pc_imm_execute_to_decode &lt;= VOID
firrtl.passes.CheckInitialization$RefNotInitializedException:  @[topcore.scala 15:28] : [module topcore]  Reference fetch_module is not fully initialized.
   : fetch_module.io.pc_fetch_jump &lt;= VOID
firrtl.passes.CheckInitialization$RefNotInitializedException:  @[topcore.scala 15:28] : [module topcore]  Reference fetch_module is not fully initialized.
   : fetch_module.io.Imem_fetch_enable &lt;= VOID
firrtl.passes.CheckInitialization$RefNotInitializedException:  @[topcore.scala 16:29] : [module topcore]  Reference decode_module is not fully initialized.
   : decode_module.io.decode_immgenr_instruction &lt;= VOID
firrtl.passes.CheckInitialization$RefNotInitializedException:  @[topcore.scala 17:30] : [module topcore]  Reference execute_module is not fully initialized.
   : execute_module.io.pc_decode_to_execute &lt;= VOID
firrtl.passes.PassException: 22 errors detected!
</failure>
                                               </testcase>
                     <system-out><![CDATA[]]></system-out>
                     <system-err><![CDATA[]]></system-err>
                   </testsuite>